<?xml version="1.0" encoding="UTF-8"?>
<!-- Generated by org.testng.reporters.JUnitXMLReporter -->
<testsuite hostname="Niks" ignored="3" name="sanity Test" tests="2" failures="2" timestamp="2023-05-10T02:05:53 AEST" time="95.734" errors="0">
  <testcase name="verifyProductAddedToShoppingCartSuccessFully" time="0.184" classname="com.nopcommerce.demo.testsuite.ComputerTest">
    <failure type="java.lang.NullPointerException">
      <![CDATA[java.lang.NullPointerException
at com.nopcommerce.demo.testsuite.ComputerTest.verifyProductAddedToShoppingCartSuccessFully(ComputerTest.java:45)
at java.util.ArrayList.forEach(ArrayList.java:1249)
at com.intellij.rt.testng.IDEARemoteTestNG.run(IDEARemoteTestNG.java:66)
at com.intellij.rt.testng.RemoteTestNGStarter.main(RemoteTestNGStarter.java:109)
... Removed 24 stack frames]]>
    </failure>
  </testcase> <!-- verifyProductAddedToShoppingCartSuccessFully -->
  <testcase name="verifyThatTheProductAddedSuccessfullyAndPlaceOrderSuccessfully" time="0.016" classname="com.nopcommerce.demo.testsuite.ElectronicTest">
    <failure type="java.lang.NullPointerException">
      <![CDATA[java.lang.NullPointerException
at com.nopcommerce.demo.testsuite.ElectronicTest.verifyThatTheProductAddedSuccessfullyAndPlaceOrderSuccessfully(ElectronicTest.java:44)
at java.util.ArrayList.forEach(ArrayList.java:1249)
at com.intellij.rt.testng.IDEARemoteTestNG.run(IDEARemoteTestNG.java:66)
at com.intellij.rt.testng.RemoteTestNGStarter.main(RemoteTestNGStarter.java:109)
... Removed 24 stack frames]]>
    </failure>
  </testcase> <!-- verifyThatTheProductAddedSuccessfullyAndPlaceOrderSuccessfully -->
  <testcase name="verifyPageNavigation" time="0.0" classname="com.nopcommerce.demo.testsuite.TopMenuTest">
    <ignored/>
  </testcase> <!-- verifyPageNavigation -->
  <testcase name="verifyProductArrangeInAlphabeticalOrder" time="0.0" classname="com.nopcommerce.demo.testsuite.ComputerTest">
    <ignored/>
  </testcase> <!-- verifyProductArrangeInAlphabeticalOrder -->
  <testcase name="verifyUserShouldNavigateToCellPhonesPageSuccessfully" time="0.0" classname="com.nopcommerce.demo.testsuite.ElectronicTest">
    <ignored/>
  </testcase> <!-- verifyUserShouldNavigateToCellPhonesPageSuccessfully -->
</testsuite> <!-- sanity Test -->
